app/build/outputs/logs/manifest-merger-debug-report.txt
-- Merging decision tree log ---
manifest
ADDED from src\main\AndroidManifest.xml:18:1-142:12
	package
		ADDED from src\main\AndroidManifest.xml:19:5-34
		INJECTED from src\main\AndroidManifest.xml
		INJECTED from src\main\AndroidManifest.xml
	android:versionName
		ADDED from src\main\AndroidManifest.xml:21:5-30
		INJECTED from src\main\AndroidManifest.xml
		INJECTED from src\main\AndroidManifest.xml
	android:versionCode
		ADDED from src\main\AndroidManifest.xml:20:5-29
		INJECTED from src\main\AndroidManifest.xml
		INJECTED from src\main\AndroidManifest.xml
	xmlns:android
		ADDED from src\main\AndroidManifest.xml:18:11-69
uses-sdk
ADDED from src\main\AndroidManifest.xml:23:5-25:41
MERGED from [com.android.support:support-v4:25.3.1] AndroidManifest.xml:21:5-23:54
MERGED from [com.android.support:support-fragment:25.3.1] AndroidManifest.xml:21:5-23:60
MERGED from [com.android.support:support-media-compat:25.3.1] AndroidManifest.xml:21:5-23:63
MERGED from [com.android.support:support-core-ui:25.3.1] AndroidManifest.xml:21:5-23:58
MERGED from [com.android.support:support-core-utils:25.3.1] AndroidManifest.xml:21:5-23:61
MERGED from [com.android.support:support-compat:25.3.1] AndroidManifest.xml:21:5-23:58
	tools:overrideLibrary
		ADDED from [com.android.support:support-v4:25.3.1] AndroidManifest.xml:23:9-51
	android:targetSdkVersion
		ADDED from src\main\AndroidManifest.xml:25:9-38
		INJECTED from src\main\AndroidManifest.xml
		INJECTED from src\main\AndroidManifest.xml
	android:minSdkVersion
		ADDED from src\main\AndroidManifest.xml:24:9-35
		INJECTED from src\main\AndroidManifest.xml
		INJECTED from src\main\AndroidManifest.xml
uses-permission#android.permission.WRITE_EXTERNAL_STORAGE
ADDED from src\main\AndroidManifest.xml:27:5-81
	android:name
		ADDED from src\main\AndroidManifest.xml:27:22-78
uses-permission#android.permission.CAMERA
ADDED from src\main\AndroidManifest.xml:28:5-65
	android:name
		ADDED from src\main\AndroidManifest.xml:28:22-62
uses-feature#0x00020000
ADDED from src\main\AndroidManifest.xml:30:5-78
	android:glEsVersion
		ADDED from src\main\AndroidManifest.xml:30:19-51
	android:required
		ADDED from src\main\AndroidManifest.xml:30:52-75
application
ADDED from src\main\AndroidManifest.xml:32:5-140:19
MERGED from [com.android.support:support-v4:25.3.1] AndroidManifest.xml:29:5-20
MERGED from [com.android.support:support-fragment:25.3.1] AndroidManifest.xml:29:5-20
MERGED from [com.android.support:support-media-compat:25.3.1] AndroidManifest.xml:29:5-20
MERGED from [com.android.support:support-core-ui:25.3.1] AndroidManifest.xml:29:5-20
MERGED from [com.android.support:support-core-utils:25.3.1] AndroidManifest.xml:29:5-20
MERGED from [com.android.support:support-compat:25.3.1] AndroidManifest.xml:29:5-20
	android:label
		ADDED from src\main\AndroidManifest.xml:35:9-41
	android:allowBackup
		ADDED from src\main\AndroidManifest.xml:33:9-35
	android:icon
		ADDED from src\main\AndroidManifest.xml:34:9-45
	android:theme
		ADDED from src\main\AndroidManifest.xml:36:9-40
activity#com.android.grafika.pages.MainActivity
ADDED from src\main\AndroidManifest.xml:38:9-46:20
	android:label
		ADDED from src\main\AndroidManifest.xml:40:13-45
	android:name
		ADDED from src\main\AndroidManifest.xml:39:13-66
intent-filter#android.intent.action.MAIN+android.intent.category.LAUNCHER
ADDED from src\main\AndroidManifest.xml:41:13-45:29
action#android.intent.action.MAIN
ADDED from src\main\AndroidManifest.xml:42:17-69
	android:name
		ADDED from src\main\AndroidManifest.xml:42:25-66
category#android.intent.category.LAUNCHER
ADDED from src\main\AndroidManifest.xml:44:17-77
	android:name
		ADDED from src\main\AndroidManifest.xml:44:27-74
activity#com.android.grafika.pages.ReadPixelsActivity
ADDED from src\main\AndroidManifest.xml:47:9-50:20
	android:label
		ADDED from src\main\AndroidManifest.xml:49:13-63
	android:name
		ADDED from src\main\AndroidManifest.xml:48:13-72
activity#com.android.grafika.pages.PlayMovieActivity
ADDED from src\main\AndroidManifest.xml:51:9-54:20
	android:label
		ADDED from src\main\AndroidManifest.xml:53:13-62
	android:name
		ADDED from src\main\AndroidManifest.xml:52:13-71
activity#com.android.grafika.pages.LiveCameraActivity
ADDED from src\main\AndroidManifest.xml:55:9-58:20
	android:label
		ADDED from src\main\AndroidManifest.xml:57:13-63
	android:name
		ADDED from src\main\AndroidManifest.xml:56:13-72
activity#com.android.grafika.pages.CameraCaptureActivity
ADDED from src\main\AndroidManifest.xml:59:9-62:20
	android:label
		ADDED from src\main\AndroidManifest.xml:61:13-66
	android:name
		ADDED from src\main\AndroidManifest.xml:60:13-75
activity#com.android.grafika.pages.TextureViewGLActivity
ADDED from src\main\AndroidManifest.xml:63:9-66:20
	android:label
		ADDED from src\main\AndroidManifest.xml:65:13-67
	android:name
		ADDED from src\main\AndroidManifest.xml:64:13-75
activity#com.android.grafika.pages.TextureViewCanvasActivity
ADDED from src\main\AndroidManifest.xml:67:9-70:20
	android:label
		ADDED from src\main\AndroidManifest.xml:69:13-71
	android:name
		ADDED from src\main\AndroidManifest.xml:68:13-79
activity#com.android.grafika.pages.RecordFBOActivity
ADDED from src\main\AndroidManifest.xml:71:9-82:20
	android:label
		ADDED from src\main\AndroidManifest.xml:73:13-62
	android:theme
		ADDED from src\main\AndroidManifest.xml:74:13-71
	android:name
		ADDED from src\main\AndroidManifest.xml:72:13-71
activity#com.android.grafika.pages.ChorTestActivity
ADDED from src\main\AndroidManifest.xml:83:9-86:20
	android:label
		ADDED from src\main\AndroidManifest.xml:85:13-61
	android:name
		ADDED from src\main\AndroidManifest.xml:84:13-70
activity#com.android.grafika.pages.DoubleDecodeActivity
ADDED from src\main\AndroidManifest.xml:87:9-90:20
	android:label
		ADDED from src\main\AndroidManifest.xml:89:13-65
	android:name
		ADDED from src\main\AndroidManifest.xml:88:13-74
activity#com.android.grafika.pages.ContinuousCaptureActivity
ADDED from src\main\AndroidManifest.xml:91:9-94:20
	android:label
		ADDED from src\main\AndroidManifest.xml:93:13-70
	android:name
		ADDED from src\main\AndroidManifest.xml:92:13-79
activity#com.android.grafika.pages.SoftInputSurfaceActivity
ADDED from src\main\AndroidManifest.xml:95:9-98:20
	android:label
		ADDED from src\main\AndroidManifest.xml:97:13-70
	android:name
		ADDED from src\main\AndroidManifest.xml:96:13-78
activity#com.android.grafika.pages.HardwareScalerActivity
ADDED from src\main\AndroidManifest.xml:99:9-103:20
	android:label
		ADDED from src\main\AndroidManifest.xml:101:13-67
	android:theme
		ADDED from src\main\AndroidManifest.xml:102:13-71
	android:name
		ADDED from src\main\AndroidManifest.xml:100:13-76
activity#com.android.grafika.pages.GlesInfoActivity
ADDED from src\main\AndroidManifest.xml:104:9-107:20
	android:label
		ADDED from src\main\AndroidManifest.xml:106:13-61
	android:name
		ADDED from src\main\AndroidManifest.xml:105:13-70
activity#com.android.grafika.pages.PlayMovieSurfaceActivity
ADDED from src\main\AndroidManifest.xml:108:9-111:20
	android:label
		ADDED from src\main\AndroidManifest.xml:110:13-70
	android:name
		ADDED from src\main\AndroidManifest.xml:109:13-78
activity#com.android.grafika.pages.MultiSurfaceActivity
ADDED from src\main\AndroidManifest.xml:112:9-116:20
	android:label
		ADDED from src\main\AndroidManifest.xml:114:13-70
	android:theme
		ADDED from src\main\AndroidManifest.xml:115:13-54
	android:name
		ADDED from src\main\AndroidManifest.xml:113:13-74
activity#com.android.grafika.pages.CodecOpenActivity
ADDED from src\main\AndroidManifest.xml:117:9-120:20
	android:label
		ADDED from src\main\AndroidManifest.xml:119:13-62
	android:name
		ADDED from src\main\AndroidManifest.xml:118:13-71
activity#com.android.grafika.pages.TextureUploadActivity
ADDED from src\main\AndroidManifest.xml:121:9-124:20
	android:label
		ADDED from src\main\AndroidManifest.xml:123:13-66
	android:name
		ADDED from src\main\AndroidManifest.xml:122:13-75
activity#com.android.grafika.pages.ColorBarActivity
ADDED from src\main\AndroidManifest.xml:125:9-129:20
	android:label
		ADDED from src\main\AndroidManifest.xml:127:13-52
	android:theme
		ADDED from src\main\AndroidManifest.xml:128:13-71
	android:name
		ADDED from src\main\AndroidManifest.xml:126:13-70
activity#com.android.grafika.pages.ScheduledSwapActivity
ADDED from src\main\AndroidManifest.xml:130:9-134:20
	android:label
		ADDED from src\main\AndroidManifest.xml:132:13-57
	android:theme
		ADDED from src\main\AndroidManifest.xml:133:13-55
	android:name
		ADDED from src\main\AndroidManifest.xml:131:13-75
activity#com.android.grafika.pages.TextureFromCameraActivity
ADDED from src\main\AndroidManifest.xml:135:9-139:20
	android:label
		ADDED from src\main\AndroidManifest.xml:137:13-62
	android:theme
		ADDED from src\main\AndroidManifest.xml:138:13-71
	android:name
		ADDED from src\main\AndroidManifest.xml:136:13-79
meta-data#android.support.VERSION
ADDED from [com.android.support:support-v4:25.3.1] AndroidManifest.xml:25:5-27:34
MERGED from [com.android.support:support-fragment:25.3.1] AndroidManifest.xml:25:5-27:34
MERGED from [com.android.support:support-media-compat:25.3.1] AndroidManifest.xml:25:5-27:34
MERGED from [com.android.support:support-core-ui:25.3.1] AndroidManifest.xml:25:5-27:34
MERGED from [com.android.support:support-core-utils:25.3.1] AndroidManifest.xml:25:5-27:34
MERGED from [com.android.support:support-compat:25.3.1] AndroidManifest.xml:25:5-27:34
	android:value
		ADDED from [com.android.support:support-v4:25.3.1] AndroidManifest.xml:27:9-31
	android:name
		ADDED from [com.android.support:support-v4:25.3.1] AndroidManifest.xml:26:9-47